<?xml version="1.0" encoding="UTF-8"?>
<testng-results skipped="0" failed="0" ignored="0" total="2" passed="2">
  <reporter-output>
  </reporter-output>
  <suite name="Default suite" duration-ms="19085" started-at="2019-04-15T21:38:10Z" finished-at="2019-04-15T21:38:29Z">
    <groups>
    </groups>
    <test name="Default test" duration-ms="19085" started-at="2019-04-15T21:38:10Z" finished-at="2019-04-15T21:38:29Z">
      <class name="com.daz.testAppium.SimpleAppiumTest">
        <test-method status="PASS" signature="setup()[pri:0, instance:com.daz.testAppium.SimpleAppiumTest@1d16f93d]" name="setup" is-config="true" duration-ms="5539" started-at="2019-04-15T21:38:10Z" finished-at="2019-04-15T21:38:15Z">
          <reporter-output>
          </reporter-output>
        </test-method> <!-- setup -->
        <test-method status="PASS" signature="sample()[pri:0, instance:com.daz.testAppium.SimpleAppiumTest@1d16f93d]" name="sample" duration-ms="5" started-at="2019-04-15T21:38:15Z" finished-at="2019-04-15T21:38:15Z">
          <reporter-output>
          </reporter-output>
        </test-method> <!-- sample -->
        <test-method status="PASS" signature="simpleTest()[pri:0, instance:com.daz.testAppium.SimpleAppiumTest@1d16f93d]" name="simpleTest" duration-ms="13518" started-at="2019-04-15T21:38:15Z" finished-at="2019-04-15T21:38:29Z">
          <reporter-output>
          </reporter-output>
        </test-method> <!-- simpleTest -->
      </class> <!-- com.daz.testAppium.SimpleAppiumTest -->
    </test> <!-- Default test -->
  </suite> <!-- Default suite -->
</testng-results>
